{"body":{"cpf":"12332121332","email":"teste@teste2.com","nomeCompleto":"Giovana Santos","telefone":"11987654578"},"environment":"development","level":"info","message":"Recebendo dados do formulário","service":"api-pv","timestamp":"2026-03-10T23:34:01.383Z"}
{"environment":"development","error":"relation \"alunos\" does not exist","level":"error","message":"Erro ao criar aluno","service":"api-pv","timestamp":"2026-03-10T23:34:01.444Z"}
{"body":{"cpf":"12332112321","email":"yaslopesyweb12@gmail.com","nomeCompleto":"Yasmin Santos","telefone":"11953311122"},"environment":"development","level":"info","message":"Recebendo dados do formulário","service":"api-pv","timestamp":"2026-03-10T23:39:01.070Z"}
{"business":{"aluno":{"created_at":"2026-03-11T02:39:01.108Z","email":"yaslopesyweb12@gmail.com","id":1},"transaction":"aluno_cadastrado"},"environment":"development","level":"info","message":"📊 [METRICA] Aluno cadastrado","service":"api-pv","timestamp":"2026-03-10T23:39:01.113Z"}
{"aluno":{"created_at":"2026-03-11T02:39:01.108Z","email":"yaslopesyweb12@gmail.com","id":1,"nome_completo":"Yasmin Santos"},"environment":"development","level":"info","message":"Aluno criado com sucesso","service":"api-pv","timestamp":"2026-03-10T23:39:01.113Z"}
{"body":{"aluno_id":1,"itens":[{"id":"medicina-online","preco":14990,"quantidade":1,"titulo":"Medicina Online"},{"id":"ita-online","preco":16990,"quantidade":1,"titulo":"Turma ITA Online"}],"parcelas":12,"total":31980},"environment":"development","level":"info","message":"Recebendo dados do pedido","service":"api-pv","timestamp":"2026-03-10T23:39:16.160Z"}
{"business":{"aluno":{"id":1},"pedido":{"id":1,"status":"aguardando_pagamento","total":31980},"transaction":"pedido_criado"},"environment":"development","level":"info","message":"📊 [METRICA] Pedido criado","service":"api-pv","timestamp":"2026-03-10T23:39:16.177Z"}
{"business":{"aluno":{"id":1},"curso":{"id":"medicina-online","preco_unitario":14990,"quantidade":1,"titulo":"Medicina Online"},"pedido":{"id":1},"transaction":"curso_comprado","valor_total":14990},"environment":"development","level":"info","message":"📊 [METRICA] Curso comprado","service":"api-pv","timestamp":"2026-03-10T23:39:16.177Z"}
{"business":{"aluno":{"id":1},"curso":{"id":"ita-online","preco_unitario":16990,"quantidade":1,"titulo":"Turma ITA Online"},"pedido":{"id":1},"transaction":"curso_comprado","valor_total":16990},"environment":"development","level":"info","message":"📊 [METRICA] Curso comprado","service":"api-pv","timestamp":"2026-03-10T23:39:16.177Z"}
{"business":{"aluno":{"id":1},"transaction":"checkout_iniciado","valor":31980},"environment":"development","level":"info","message":"📊 [METRICA] Checkout iniciado","service":"api-pv","timestamp":"2026-03-10T23:39:16.178Z"}
{"environment":"development","level":"info","message":"Pedido criado com sucesso","pedido":{"created_at":"2026-03-11T02:39:16.164Z","id":1,"numero_pedido":"PED-MML94W8Z-5LM","status":"aguardando_pagamento","total":31980},"service":"api-pv","timestamp":"2026-03-10T23:39:16.178Z"}
{"body":{"aluno_id":1,"formaPagamento":"pix","parcelas":12,"pedido_id":1,"responsavelFinanceiro":false,"valor":31980},"environment":"development","level":"info","message":"Recebendo dados de pagamento","service":"api-pv","timestamp":"2026-03-10T23:39:16.187Z"}
{"environment":"development","level":"info","message":"Processando pagamento","service":"api-pv","timestamp":"2026-03-10T23:39:16.196Z"}
{"business":{"aluno":{"id":1},"metrics":{"conversao":1,"receita":31980},"pagamento":{"forma":"pix","id":1,"protocolo":"PAG-1773185957698-772"},"pedido":{"id":1},"transaction":"pagamento_aprovado","valor":31980},"environment":"development","level":"info","message":"📊 [METRICA] Pagamento aprovado","service":"api-pv","timestamp":"2026-03-10T23:39:17.715Z"}
{"environment":"development","level":"info","message":"Pagamento processado com sucesso","pagamento":{"created_at":"2026-03-11T02:39:17.699Z","forma_pagamento":"pix","id":1,"protocolo":"PAG-1773185957698-772","status":"aprovado","valor":31980},"pedido_id":1,"service":"api-pv","timestamp":"2026-03-10T23:39:17.716Z"}
{"body":{"cpf":"17527638212","email":"yaslopesywebob@gmail.com","nomeCompleto":"Yasmin Araujo ","telefone":"11953317200"},"environment":"development","level":"info","message":"Recebendo dados do formulário","service":"api-pv","timestamp":"2026-03-11T11:30:51.978Z"}
{"business":{"aluno":{"created_at":"2026-03-11T14:30:52.049Z","email":"yaslopesywebob@gmail.com","id":2},"transaction":"aluno_cadastrado"},"environment":"development","level":"info","message":"📊 [METRICA] Aluno cadastrado","service":"api-pv","timestamp":"2026-03-11T11:30:52.057Z"}
{"aluno":{"created_at":"2026-03-11T14:30:52.049Z","email":"yaslopesywebob@gmail.com","id":2,"nome_completo":"Yasmin Araujo"},"environment":"development","level":"info","message":"Aluno criado com sucesso","service":"api-pv","timestamp":"2026-03-11T11:30:52.058Z"}
{"body":{"aluno_id":2,"itens":[{"id":"medicina-online","preco":14990,"quantidade":2,"titulo":"Medicina Online"}],"parcelas":12,"total":29980},"environment":"development","level":"info","message":"Recebendo dados do pedido","service":"api-pv","timestamp":"2026-03-11T11:31:01.929Z"}
{"business":{"aluno":{"id":2},"pedido":{"id":2,"status":"aguardando_pagamento","total":29980},"transaction":"pedido_criado"},"environment":"development","level":"info","message":"📊 [METRICA] Pedido criado","service":"api-pv","timestamp":"2026-03-11T11:31:01.978Z"}
{"business":{"aluno":{"id":2},"curso":{"id":"medicina-online","preco_unitario":14990,"quantidade":2,"titulo":"Medicina Online"},"pedido":{"id":2},"transaction":"curso_comprado","valor_total":29980},"environment":"development","level":"info","message":"📊 [METRICA] Curso comprado","service":"api-pv","timestamp":"2026-03-11T11:31:01.979Z"}
{"business":{"aluno":{"id":2},"transaction":"checkout_iniciado","valor":29980},"environment":"development","level":"info","message":"📊 [METRICA] Checkout iniciado","service":"api-pv","timestamp":"2026-03-11T11:31:01.979Z"}
{"environment":"development","level":"info","message":"Pedido criado com sucesso","pedido":{"created_at":"2026-03-11T14:31:01.936Z","id":2,"numero_pedido":"PED-MMLYK88G-41E","status":"aguardando_pagamento","total":29980},"service":"api-pv","timestamp":"2026-03-11T11:31:01.979Z"}
{"body":{"aluno_id":2,"formaPagamento":"pix","parcelas":12,"pedido_id":2,"responsavelFinanceiro":false,"valor":29980},"environment":"development","level":"info","message":"Recebendo dados de pagamento","service":"api-pv","timestamp":"2026-03-11T11:31:01.990Z"}
{"environment":"development","level":"info","message":"Processando pagamento","service":"api-pv","timestamp":"2026-03-11T11:31:01.994Z"}
{"business":{"aluno":{"id":2},"metrics":{"conversao":1,"receita":29980},"pagamento":{"forma":"pix","id":2,"protocolo":"PAG-1773228663495-319"},"pedido":{"id":2},"transaction":"pagamento_aprovado","valor":29980},"environment":"development","level":"info","message":"📊 [METRICA] Pagamento aprovado","service":"api-pv","timestamp":"2026-03-11T11:31:03.503Z"}
{"environment":"development","level":"info","message":"Pagamento processado com sucesso","pagamento":{"created_at":"2026-03-11T14:31:03.496Z","forma_pagamento":"pix","id":2,"protocolo":"PAG-1773228663495-319","status":"aprovado","valor":29980},"pedido_id":2,"service":"api-pv","timestamp":"2026-03-11T11:31:03.503Z"}
